# JRE version: OpenJDK Runtime Environment Temurin-21.0.10+7 (21.0.10+7) (build 21.0.10+7-LTS)
# Java VM: OpenJDK 64-Bit Server VM Temurin-21.0.10+7 (21.0.10+7-LTS, mixed mode, emulated-client, sharing, tiered, compressed oops, compressed class ptrs, g1 gc, windows-amd64)
GC Precious Log:
 CardTable entry size: 512
 Card Set container configuration: InlinePtr #cards 4 size 8 Array Of Cards #cards 16 size 48 Howl #buckets 8 coarsen threshold 3686 Howl Bitmap #cards 512 size 80 coarsen threshold 460 Card regions per heap region 1 cards per card region 4096
 CPUs: 14 total, 14 available
 Memory: 15707M
 Large Page Support: Disabled
 NUMA Support: Disabled
 Compressed Oops: Enabled (Zero based)
 Heap Region Size: 2M
 Heap Min Capacity: 8M
 Heap Initial Capacity: 246M
 Heap Max Capacity: 3928M
 Pre-touch: Disabled
 Parallel Workers: 11
 Concurrent Workers: 3
 Concurrent Refinement Workers: 11
 Periodic GC: Disabled
Heap:
 garbage-first heap   total 151552K, used 128462K [0x000000070a800000, 0x0000000800000000)
  region size 2048K, 45 young (92160K), 4 survivors (8192K)
 Metaspace       used 92384K, committed 93504K, reserved 1179648K
  class space    used 12940K, committed 13440K, reserved 1048576K
GC Heap History (20 events):
Event: 10461.461 GC heap after
{Heap after GC invocations=120 (full 27):
 garbage-first heap   total 178176K, used 47022K [0x000000070a800000, 0x0000000800000000)
  region size 2048K, 3 young (6144K), 3 survivors (6144K)
 Metaspace       used 92078K, committed 93504K, reserved 1179648K
  class space    used 12888K, committed 13440K, reserved 1048576K
}
Event: 10781.946 GC heap before
{Heap before GC invocations=120 (full 27):
 garbage-first heap   total 178176K, used 147374K [0x000000070a800000, 0x0000000800000000)
  region size 2048K, 52 young (106496K), 3 survivors (6144K)
 Metaspace       used 92091K, committed 93504K, reserved 1179648K
  class space    used 12892K, committed 13440K, reserved 1048576K
}
Event: 10781.957 GC heap after
{Heap after GC invocations=121 (full 27):
 garbage-first heap   total 178176K, used 47115K [0x000000070a800000, 0x0000000800000000)
  region size 2048K, 3 young (6144K), 3 survivors (6144K)
 Metaspace       used 92091K, committed 93504K, reserved 1179648K
  class space    used 12892K, committed 13440K, reserved 1048576K
}
Event: 11102.543 GC heap before
{Heap before GC invocations=122 (full 27):
 garbage-first heap   total 178176K, used 147467K [0x000000070a800000, 0x0000000800000000)
  region size 2048K, 52 young (106496K), 3 survivors (6144K)
 Metaspace       used 92091K, committed 93504K, reserved 1179648K
  class space    used 12892K, committed 13440K, reserved 1048576K
}
Event: 11102.558 GC heap after
{Heap after GC invocations=123 (full 27):
 garbage-first heap   total 178176K, used 47212K [0x000000070a800000, 0x0000000800000000)
  region size 2048K, 3 young (6144K), 3 survivors (6144K)
 Metaspace       used 92091K, committed 93504K, reserved 1179648K
  class space    used 12892K, committed 13440K, reserved 1048576K
}
Event: 11424.970 GC heap before
{Heap before GC invocations=123 (full 27):
 garbage-first heap   total 178176K, used 147564K [0x000000070a800000, 0x0000000800000000)
  region size 2048K, 52 young (106496K), 3 survivors (6144K)
 Metaspace       used 92091K, committed 93504K, reserved 1179648K
  class space    used 12892K, committed 13440K, reserved 1048576K
}
Event: 11424.976 GC heap after
{Heap after GC invocations=124 (full 27):
 garbage-first heap   total 178176K, used 47402K [0x000000070a800000, 0x0000000800000000)
  region size 2048K, 3 young (6144K), 3 survivors (6144K)
 Metaspace       used 92091K, committed 93504K, reserved 1179648K
  class space    used 12892K, committed 13440K, reserved 1048576K
}
Event: 11751.089 GC heap before
{Heap before GC invocations=124 (full 27):
 garbage-first heap   total 178176K, used 147754K [0x000000070a800000, 0x0000000800000000)
  region size 2048K, 52 young (106496K), 3 survivors (6144K)
 Metaspace       used 92091K, committed 93504K, reserved 1179648K
  class space    used 12892K, committed 13440K, reserved 1048576K
}
Event: 11751.100 GC heap after
{Heap after GC invocations=125 (full 27):
 garbage-first heap   total 178176K, used 47211K [0x000000070a800000, 0x0000000800000000)
  region size 2048K, 3 young (6144K), 3 survivors (6144K)
 Metaspace       used 92091K, committed 93504K, reserved 1179648K
  class space    used 12892K, committed 13440K, reserved 1048576K
}
Event: 12071.731 GC heap before
{Heap before GC invocations=126 (full 27):
 garbage-first heap   total 178176K, used 147563K [0x000000070a800000, 0x0000000800000000)
  region size 2048K, 52 young (106496K), 3 survivors (6144K)
 Metaspace       used 92103K, committed 93504K, reserved 1179648K
  class space    used 12896K, committed 13440K, reserved 1048576K
}
Event: 12071.743 GC heap after
{Heap after GC invocations=127 (full 27):
 garbage-first heap   total 178176K, used 47113K [0x000000070a800000, 0x0000000800000000)
  region size 2048K, 3 young (6144K), 3 survivors (6144K)
 Metaspace       used 92103K, committed 93504K, reserved 1179648K
  class space    used 12896K, committed 13440K, reserved 1048576K
}
Event: 12395.245 GC heap before
{Heap before GC invocations=127 (full 27):
 garbage-first heap   total 178176K, used 147465K [0x000000070a800000, 0x0000000800000000)
  region size 2048K, 52 young (106496K), 3 survivors (6144K)
 Metaspace       used 92104K, committed 93504K, reserved 1179648K
  class space    used 12896K, committed 13440K, reserved 1048576K
}
Event: 12395.252 GC heap after
{Heap after GC invocations=128 (full 27):
 garbage-first heap   total 178176K, used 47027K [0x000000070a800000, 0x0000000800000000)
  region size 2048K, 3 young (6144K), 3 survivors (6144K)
 Metaspace       used 92104K, committed 93504K, reserved 1179648K
  class space    used 12896K, committed 13440K, reserved 1048576K
}
Event: 12717.609 GC heap before
{Heap before GC invocations=128 (full 27):
 garbage-first heap   total 178176K, used 147379K [0x000000070a800000, 0x0000000800000000)
  region size 2048K, 52 young (106496K), 3 survivors (6144K)
 Metaspace       used 92104K, committed 93504K, reserved 1179648K
  class space    used 12896K, committed 13440K, reserved 1048576K
}
Event: 12717.623 GC heap after
{Heap after GC invocations=129 (full 27):
 garbage-first heap   total 178176K, used 47422K [0x000000070a800000, 0x0000000800000000)
  region size 2048K, 1 young (2048K), 1 survivors (2048K)
 Metaspace       used 92104K, committed 93504K, reserved 1179648K
  class space    used 12896K, committed 13440K, reserved 1048576K
}
Event: 12935.030 GC heap before
{Heap before GC invocations=130 (full 27):
 garbage-first heap   total 172032K, used 117054K [0x000000070a800000, 0x0000000800000000)
  region size 2048K, 36 young (73728K), 1 survivors (2048K)
 Metaspace       used 92110K, committed 93504K, reserved 1179648K
  class space    used 12897K, committed 13440K, reserved 1048576K
}
Event: 12935.200 GC heap after
{Heap after GC invocations=131 (full 28):
 garbage-first heap   total 151552K, used 39042K [0x000000070a800000, 0x0000000800000000)
  region size 2048K, 0 young (0K), 0 survivors (0K)
 Metaspace       used 91688K, committed 93312K, reserved 1179648K
  class space    used 12854K, committed 13440K, reserved 1048576K
}
Event: 12936.455 GC heap before
{Heap before GC invocations=131 (full 28):
 garbage-first heap   total 151552K, used 88194K [0x000000070a800000, 0x0000000800000000)
  region size 2048K, 25 young (51200K), 0 survivors (0K)
 Metaspace       used 91978K, committed 93312K, reserved 1179648K
  class space    used 12908K, committed 13440K, reserved 1048576K
}
Event: 12936.460 GC heap after
{Heap after GC invocations=132 (full 28):
 garbage-first heap   total 151552K, used 44494K [0x000000070a800000, 0x0000000800000000)
  region size 2048K, 3 young (6144K), 3 survivors (6144K)
 Metaspace       used 91978K, committed 93312K, reserved 1179648K
  class space    used 12908K, committed 13440K, reserved 1048576K
}
Event: 13171.978 GC heap before
{Heap before GC invocations=133 (full 28):
 garbage-first heap   total 151552K, used 128462K [0x000000070a800000, 0x0000000800000000)
  region size 2048K, 44 young (90112K), 3 survivors (6144K)
 Metaspace       used 92384K, committed 93504K, reserved 1179648K
  class space    used 12940K, committed 13440K, reserved 1048576K
}

